2024-08-02 14:51:25.687 INFO  [][] [background-preinit] o.h.v.internal.util.Version:21 - HV000001: Hibernate Validator 6.2.3.Final
2024-08-02 14:51:25.692 INFO  [][] [main] c.project.CollabinApplication:55 - Starting CollabinApplication using Java 19.0.2 on m with PID 5876 (E:\project\javademo\target\classes started by m in E:\project\javademo)
2024-08-02 14:51:25.692 DEBUG [][] [main] c.project.CollabinApplication:56 - Running with Spring Boot v2.7.1, Spring v5.3.21
2024-08-02 14:51:25.692 INFO  [][] [main] c.project.CollabinApplication:640 - The following 1 profile is active: "local"
2024-08-02 14:51:26.357 WARN  [][] [main] o.m.s.m.ClassPathMapperScanner:44 - No MyBatis mapper was found in '[com.project.mapper]' package. Please check your configuration.
2024-08-02 14:51:27.228 DEBUG [][] [main] com.zaxxer.hikari.HikariConfig:971 - Driver class com.mysql.cj.jdbc.Driver found in Thread context class loader jdk.internal.loader.ClassLoaders$AppClassLoader@78308db1
2024-08-02 14:51:27.356 WARN  [][] [main] o.s.b.w.s.c.AnnotationConfigServletWebServerApplicationContext:591 - Exception encountered during context initialization - cancelling refresh attempt: org.springframework.beans.factory.BeanCreationException: Error creating bean with name 'sqlSessionFactory' defined in class path resource [org/mybatis/spring/boot/autoconfigure/MybatisAutoConfiguration.class]: Bean instantiation via factory method failed; nested exception is org.springframework.beans.BeanInstantiationException: Failed to instantiate [org.apache.ibatis.session.SqlSessionFactory]: Factory method 'sqlSessionFactory' threw exception; nested exception is org.springframework.core.NestedIOException: Failed to parse mapping resource: 'file [E:\project\javademo\target\classes\mapper\CiHuoguiMapper.xml]'; nested exception is org.apache.ibatis.builder.BuilderException: Error parsing Mapper XML. The XML location is 'file [E:\project\javademo\target\classes\mapper\CiHuoguiMapper.xml]'. Cause: org.apache.ibatis.builder.BuilderException: Error resolving class. Cause: org.apache.ibatis.type.TypeException: Could not resolve type alias 'com.project.entity.CiHuogui'.  Cause: java.lang.ClassNotFoundException: Cannot find class: com.project.entity.CiHuogui
2024-08-02 14:51:27.382 ERROR [][] [main] o.s.boot.SpringApplication:824 - Application run failed
org.springframework.beans.factory.BeanCreationException: Error creating bean with name 'sqlSessionFactory' defined in class path resource [org/mybatis/spring/boot/autoconfigure/MybatisAutoConfiguration.class]: Bean instantiation via factory method failed; nested exception is org.springframework.beans.BeanInstantiationException: Failed to instantiate [org.apache.ibatis.session.SqlSessionFactory]: Factory method 'sqlSessionFactory' threw exception; nested exception is org.springframework.core.NestedIOException: Failed to parse mapping resource: 'file [E:\project\javademo\target\classes\mapper\CiHuoguiMapper.xml]'; nested exception is org.apache.ibatis.builder.BuilderException: Error parsing Mapper XML. The XML location is 'file [E:\project\javademo\target\classes\mapper\CiHuoguiMapper.xml]'. Cause: org.apache.ibatis.builder.BuilderException: Error resolving class. Cause: org.apache.ibatis.type.TypeException: Could not resolve type alias 'com.project.entity.CiHuogui'.  Cause: java.lang.ClassNotFoundException: Cannot find class: com.project.entity.CiHuogui
	at org.springframework.beans.factory.support.ConstructorResolver.instantiate(ConstructorResolver.java:658)
	at org.springframework.beans.factory.support.ConstructorResolver.instantiateUsingFactoryMethod(ConstructorResolver.java:638)
	at org.springframework.beans.factory.support.AbstractAutowireCapableBeanFactory.instantiateUsingFactoryMethod(AbstractAutowireCapableBeanFactory.java:1352)
	at org.springframework.beans.factory.support.AbstractAutowireCapableBeanFactory.createBeanInstance(AbstractAutowireCapableBeanFactory.java:1195)
	at org.springframework.beans.factory.support.AbstractAutowireCapableBeanFactory.doCreateBean(AbstractAutowireCapableBeanFactory.java:582)
	at org.springframework.beans.factory.support.AbstractAutowireCapableBeanFactory.createBean(AbstractAutowireCapableBeanFactory.java:542)
	at org.springframework.beans.factory.support.AbstractBeanFactory.lambda$doGetBean$0(AbstractBeanFactory.java:335)
	at org.springframework.beans.factory.support.DefaultSingletonBeanRegistry.getSingleton(DefaultSingletonBeanRegistry.java:234)
	at org.springframework.beans.factory.support.AbstractBeanFactory.doGetBean(AbstractBeanFactory.java:333)
	at org.springframework.beans.factory.support.AbstractBeanFactory.getBean(AbstractBeanFactory.java:208)
	at org.springframework.beans.factory.support.DefaultListableBeanFactory.preInstantiateSingletons(DefaultListableBeanFactory.java:955)
	at org.springframework.context.support.AbstractApplicationContext.finishBeanFactoryInitialization(AbstractApplicationContext.java:918)
	at org.springframework.context.support.AbstractApplicationContext.refresh(AbstractApplicationContext.java:583)
	at org.springframework.boot.web.servlet.context.ServletWebServerApplicationContext.refresh(ServletWebServerApplicationContext.java:147)
	at org.springframework.boot.SpringApplication.refresh(SpringApplication.java:734)
	at org.springframework.boot.SpringApplication.refreshContext(SpringApplication.java:408)
	at org.springframework.boot.SpringApplication.run(SpringApplication.java:308)
	at org.springframework.boot.SpringApplication.run(SpringApplication.java:1306)
	at org.springframework.boot.SpringApplication.run(SpringApplication.java:1295)
	at com.project.CollabinApplication.main(CollabinApplication.java:14)
Caused by: org.springframework.beans.BeanInstantiationException: Failed to instantiate [org.apache.ibatis.session.SqlSessionFactory]: Factory method 'sqlSessionFactory' threw exception; nested exception is org.springframework.core.NestedIOException: Failed to parse mapping resource: 'file [E:\project\javademo\target\classes\mapper\CiHuoguiMapper.xml]'; nested exception is org.apache.ibatis.builder.BuilderException: Error parsing Mapper XML. The XML location is 'file [E:\project\javademo\target\classes\mapper\CiHuoguiMapper.xml]'. Cause: org.apache.ibatis.builder.BuilderException: Error resolving class. Cause: org.apache.ibatis.type.TypeException: Could not resolve type alias 'com.project.entity.CiHuogui'.  Cause: java.lang.ClassNotFoundException: Cannot find class: com.project.entity.CiHuogui
	at org.springframework.beans.factory.support.SimpleInstantiationStrategy.instantiate(SimpleInstantiationStrategy.java:185)
	at org.springframework.beans.factory.support.ConstructorResolver.instantiate(ConstructorResolver.java:653)
	... 19 common frames omitted
Caused by: org.springframework.core.NestedIOException: Failed to parse mapping resource: 'file [E:\project\javademo\target\classes\mapper\CiHuoguiMapper.xml]'; nested exception is org.apache.ibatis.builder.BuilderException: Error parsing Mapper XML. The XML location is 'file [E:\project\javademo\target\classes\mapper\CiHuoguiMapper.xml]'. Cause: org.apache.ibatis.builder.BuilderException: Error resolving class. Cause: org.apache.ibatis.type.TypeException: Could not resolve type alias 'com.project.entity.CiHuogui'.  Cause: java.lang.ClassNotFoundException: Cannot find class: com.project.entity.CiHuogui
	at org.mybatis.spring.SqlSessionFactoryBean.buildSqlSessionFactory(SqlSessionFactoryBean.java:613)
	at org.mybatis.spring.SqlSessionFactoryBean.afterPropertiesSet(SqlSessionFactoryBean.java:491)
	at org.mybatis.spring.SqlSessionFactoryBean.getObject(SqlSessionFactoryBean.java:633)
	at org.mybatis.spring.boot.autoconfigure.MybatisAutoConfiguration.sqlSessionFactory(MybatisAutoConfiguration.java:179)
	at org.mybatis.spring.boot.autoconfigure.MybatisAutoConfiguration$$EnhancerBySpringCGLIB$$581489e3.CGLIB$sqlSessionFactory$2(<generated>)
	at org.mybatis.spring.boot.autoconfigure.MybatisAutoConfiguration$$EnhancerBySpringCGLIB$$581489e3$$FastClassBySpringCGLIB$$397b0a63.invoke(<generated>)
	at org.springframework.cglib.proxy.MethodProxy.invokeSuper(MethodProxy.java:244)
	at org.springframework.context.annotation.ConfigurationClassEnhancer$BeanMethodInterceptor.intercept(ConfigurationClassEnhancer.java:331)
	at org.mybatis.spring.boot.autoconfigure.MybatisAutoConfiguration$$EnhancerBySpringCGLIB$$581489e3.sqlSessionFactory(<generated>)
	at java.base/jdk.internal.reflect.DirectMethodHandleAccessor.invoke(DirectMethodHandleAccessor.java:104)
	at java.base/java.lang.reflect.Method.invoke(Method.java:578)
	at org.springframework.beans.factory.support.SimpleInstantiationStrategy.instantiate(SimpleInstantiationStrategy.java:154)
	... 20 common frames omitted
Caused by: org.apache.ibatis.builder.BuilderException: Error parsing Mapper XML. The XML location is 'file [E:\project\javademo\target\classes\mapper\CiHuoguiMapper.xml]'. Cause: org.apache.ibatis.builder.BuilderException: Error resolving class. Cause: org.apache.ibatis.type.TypeException: Could not resolve type alias 'com.project.entity.CiHuogui'.  Cause: java.lang.ClassNotFoundException: Cannot find class: com.project.entity.CiHuogui
	at org.apache.ibatis.builder.xml.XMLMapperBuilder.configurationElement(XMLMapperBuilder.java:123)
	at org.apache.ibatis.builder.xml.XMLMapperBuilder.parse(XMLMapperBuilder.java:95)
	at org.mybatis.spring.SqlSessionFactoryBean.buildSqlSessionFactory(SqlSessionFactoryBean.java:611)
	... 31 common frames omitted
Caused by: org.apache.ibatis.builder.BuilderException: Error resolving class. Cause: org.apache.ibatis.type.TypeException: Could not resolve type alias 'com.project.entity.CiHuogui'.  Cause: java.lang.ClassNotFoundException: Cannot find class: com.project.entity.CiHuogui
	at org.apache.ibatis.builder.BaseBuilder.resolveClass(BaseBuilder.java:118)
	at org.apache.ibatis.builder.xml.XMLMapperBuilder.resultMapElement(XMLMapperBuilder.java:263)
	at org.apache.ibatis.builder.xml.XMLMapperBuilder.resultMapElement(XMLMapperBuilder.java:254)
	at org.apache.ibatis.builder.xml.XMLMapperBuilder.resultMapElements(XMLMapperBuilder.java:246)
	at org.apache.ibatis.builder.xml.XMLMapperBuilder.configurationElement(XMLMapperBuilder.java:119)
	... 33 common frames omitted
Caused by: org.apache.ibatis.type.TypeException: Could not resolve type alias 'com.project.entity.CiHuogui'.  Cause: java.lang.ClassNotFoundException: Cannot find class: com.project.entity.CiHuogui
	at org.apache.ibatis.type.TypeAliasRegistry.resolveAlias(TypeAliasRegistry.java:120)
	at org.apache.ibatis.builder.BaseBuilder.resolveAlias(BaseBuilder.java:149)
	at org.apache.ibatis.builder.BaseBuilder.resolveClass(BaseBuilder.java:116)
	... 37 common frames omitted
Caused by: java.lang.ClassNotFoundException: Cannot find class: com.project.entity.CiHuogui
	at org.apache.ibatis.io.ClassLoaderWrapper.classForName(ClassLoaderWrapper.java:196)
	at org.apache.ibatis.io.ClassLoaderWrapper.classForName(ClassLoaderWrapper.java:89)
	at org.apache.ibatis.io.Resources.classForName(Resources.java:261)
	at org.apache.ibatis.type.TypeAliasRegistry.resolveAlias(TypeAliasRegistry.java:116)
	... 39 common frames omitted
2024-08-02 14:53:03.106 INFO  [][] [background-preinit] o.h.v.internal.util.Version:21 - HV000001: Hibernate Validator 6.2.3.Final
2024-08-02 14:53:03.108 INFO  [][] [main] c.project.CollabinApplication:55 - Starting CollabinApplication using Java 19.0.2 on m with PID 8368 (E:\project\javademo\target\classes started by m in E:\project\javademo)
2024-08-02 14:53:03.108 DEBUG [][] [main] c.project.CollabinApplication:56 - Running with Spring Boot v2.7.1, Spring v5.3.21
2024-08-02 14:53:03.108 INFO  [][] [main] c.project.CollabinApplication:640 - The following 1 profile is active: "local"
2024-08-02 14:53:03.679 WARN  [][] [main] o.m.s.m.ClassPathMapperScanner:44 - No MyBatis mapper was found in '[com.project.mapper]' package. Please check your configuration.
2024-08-02 14:53:04.437 DEBUG [][] [main] com.zaxxer.hikari.HikariConfig:971 - Driver class com.mysql.cj.jdbc.Driver found in Thread context class loader jdk.internal.loader.ClassLoaders$AppClassLoader@78308db1
2024-08-02 14:53:04.498 DEBUG [][] [main] o.m.s.SqlSessionFactoryBean:49 - Property 'mapperLocations' was not specified.
2024-08-02 14:53:04.515 DEBUG [][] [main] c.g.pagehelper.PageInterceptor:81 - 

,------.                           ,--.  ,--.         ,--.                         
|  .--. '  ,--,--.  ,---.   ,---.  |  '--'  |  ,---.  |  |  ,---.   ,---.  ,--.--. 
|  '--' | ' ,-.  | | .-. | | .-. : |  .--.  | | .-. : |  | | .-. | | .-. : |  .--' 
|  | --'  \ '-'  | ' '-' ' \   --. |  |  |  | \   --. |  | | '-' ' \   --. |  |    
`--'       `--`--' .`-  /   `----' `--'  `--'  `----' `--' |  |-'   `----' `--'    
                   `---'                                   `--'                        is intercepting.

2024-08-02 14:53:04.969 INFO  [][] [main] c.project.CollabinApplication:61 - Started CollabinApplication in 2.233 seconds (JVM running for 3.046)
